<?xml version="1.0" encoding="UTF-8"?>
<!-- Generated by org.testng.reporters.JUnitReportReporter -->
<testsuite skipped="0" hostname="ehab-PC" name="userUITest" tests="3" failures="0" timestamp="2019-12-27T23:10:25 GMT+02:00" time="0.015" errors="0">
  <testcase name="AcceptRequestTest" time="0.013" classname="userUITest"/>
  <testcase name="sendFriendRequestTest" time="0.001" classname="userUITest"/>
  <testcase name="signUpTest" time="0.001" classname="userUITest"/>
</testsuite> <!-- userUITest -->
